2019-05-08 19:08:23,817 - /home/yinshuai/anaconda3/lib/python3.6/site-packages/scrapy/utils/log.py[line:128] - INFO: Scrapy 1.3.3 started (bot: xueqiu_crawl)
2019-05-08 19:08:23,817 - /home/yinshuai/anaconda3/lib/python3.6/site-packages/scrapy/utils/log.py[line:131] - INFO: Overridden settings: {'BOT_NAME': 'xueqiu_crawl', 'CONCURRENT_REQUESTS': 100, 'CONCURRENT_REQUESTS_PER_DOMAIN': 100, 'DOWNLOAD_DELAY': 0.1, 'DOWNLOAD_TIMEOUT': 100, 'NEWSPIDER_MODULE': 'xueqiu_crawl.spiders', 'RETRY_HTTP_CODES': [500, 503, 504, 400, 403, 404, 408], 'RETRY_TIMES': 10, 'SPIDER_LOADER_WARN_ONLY': True, 'SPIDER_MODULES': ['xueqiu_crawl.spiders'], 'USER_AGENT': 'Mozilla/5.0 (Linux; U; Android 2.3.6; en-us; Nexus S Build/GRK39F) AppleWebKit/533.1 (KHTML, like Gecko) Version/4.0 Mobile Safari/533.1'}
2019-05-08 19:08:23,837 - /home/yinshuai/anaconda3/lib/python3.6/site-packages/scrapy/middleware.py[line:53] - INFO: Enabled extensions:
['scrapy.extensions.corestats.CoreStats',
 'scrapy.extensions.telnet.TelnetConsole',
 'scrapy.extensions.logstats.LogStats']
2019-05-08 19:08:23,854 - /home/yinshuai/anaconda3/lib/python3.6/site-packages/scrapy/middleware.py[line:53] - INFO: Enabled downloader middlewares:
['scrapy.downloadermiddlewares.useragent.UserAgentMiddleware',
 'scrapy.downloadermiddlewares.retry.RetryMiddleware',
 'scrapy.downloadermiddlewares.httpauth.HttpAuthMiddleware',
 'scrapy.downloadermiddlewares.downloadtimeout.DownloadTimeoutMiddleware',
 'scrapy.downloadermiddlewares.defaultheaders.DefaultHeadersMiddleware',
 'scrapy.downloadermiddlewares.redirect.MetaRefreshMiddleware',
 'scrapy.downloadermiddlewares.httpcompression.HttpCompressionMiddleware',
 'scrapy.downloadermiddlewares.redirect.RedirectMiddleware',
 'scrapy.downloadermiddlewares.cookies.CookiesMiddleware',
 'scrapy.downloadermiddlewares.stats.DownloaderStats']
2019-05-08 19:08:23,856 - /home/yinshuai/anaconda3/lib/python3.6/site-packages/scrapy/middleware.py[line:53] - INFO: Enabled spider middlewares:
['scrapy.spidermiddlewares.httperror.HttpErrorMiddleware',
 'scrapy.spidermiddlewares.offsite.OffsiteMiddleware',
 'scrapy.spidermiddlewares.referer.RefererMiddleware',
 'scrapy.spidermiddlewares.urllength.UrlLengthMiddleware',
 'scrapy.spidermiddlewares.depth.DepthMiddleware']
2019-05-08 19:08:23,866 - /home/yinshuai/anaconda3/lib/python3.6/site-packages/twisted/logger/_legacy.py[line:154] - CRITICAL: Unhandled error in Deferred:
2019-05-08 19:08:23,867 - /home/yinshuai/anaconda3/lib/python3.6/site-packages/twisted/logger/_legacy.py[line:154] - CRITICAL: 
Traceback (most recent call last):
  File "/home/yinshuai/anaconda3/lib/python3.6/site-packages/twisted/internet/defer.py", line 1418, in _inlineCallbacks
    result = g.send(result)
  File "/home/yinshuai/anaconda3/lib/python3.6/site-packages/scrapy/crawler.py", line 72, in crawl
    self.engine = self._create_engine()
  File "/home/yinshuai/anaconda3/lib/python3.6/site-packages/scrapy/crawler.py", line 97, in _create_engine
    return ExecutionEngine(self, lambda _: self.stop())
  File "/home/yinshuai/anaconda3/lib/python3.6/site-packages/scrapy/core/engine.py", line 70, in __init__
    self.scraper = Scraper(crawler)
  File "/home/yinshuai/anaconda3/lib/python3.6/site-packages/scrapy/core/scraper.py", line 71, in __init__
    self.itemproc = itemproc_cls.from_crawler(crawler)
  File "/home/yinshuai/anaconda3/lib/python3.6/site-packages/scrapy/middleware.py", line 58, in from_crawler
    return cls.from_settings(crawler.settings, crawler)
  File "/home/yinshuai/anaconda3/lib/python3.6/site-packages/scrapy/middleware.py", line 34, in from_settings
    mwcls = load_object(clspath)
  File "/home/yinshuai/anaconda3/lib/python3.6/site-packages/scrapy/utils/misc.py", line 44, in load_object
    mod = import_module(module)
  File "/home/yinshuai/anaconda3/lib/python3.6/importlib/__init__.py", line 126, in import_module
    return _bootstrap._gcd_import(name[level:], package, level)
  File "<frozen importlib._bootstrap>", line 994, in _gcd_import
  File "<frozen importlib._bootstrap>", line 971, in _find_and_load
  File "<frozen importlib._bootstrap>", line 955, in _find_and_load_unlocked
  File "<frozen importlib._bootstrap>", line 665, in _load_unlocked
  File "<frozen importlib._bootstrap_external>", line 678, in exec_module
  File "<frozen importlib._bootstrap>", line 219, in _call_with_frames_removed
  File "/home/yinshuai/桌面/nlp/xueqiu_crawl/xueqiu_crawl/xueqiu_crawl/pipelines.py", line 8, in <module>
    from db import MongoDB
ModuleNotFoundError: No module named 'db'
2019-05-08 19:13:47,878 - /home/yinshuai/anaconda3/lib/python3.6/site-packages/scrapy/utils/log.py[line:128] - INFO: Scrapy 1.3.3 started (bot: xueqiu_crawl)
2019-05-08 19:13:47,878 - /home/yinshuai/anaconda3/lib/python3.6/site-packages/scrapy/utils/log.py[line:131] - INFO: Overridden settings: {'BOT_NAME': 'xueqiu_crawl', 'CONCURRENT_REQUESTS': 100, 'CONCURRENT_REQUESTS_PER_DOMAIN': 100, 'DOWNLOAD_DELAY': 0.1, 'DOWNLOAD_TIMEOUT': 100, 'NEWSPIDER_MODULE': 'xueqiu_crawl.spiders', 'RETRY_HTTP_CODES': [500, 503, 504, 400, 403, 404, 408], 'RETRY_TIMES': 10, 'SPIDER_LOADER_WARN_ONLY': True, 'SPIDER_MODULES': ['xueqiu_crawl.spiders'], 'USER_AGENT': 'Mozilla/5.0 (Linux; U; Android 2.3.6; en-us; Nexus S Build/GRK39F) AppleWebKit/533.1 (KHTML, like Gecko) Version/4.0 Mobile Safari/533.1'}
2019-05-08 19:13:47,893 - /home/yinshuai/anaconda3/lib/python3.6/site-packages/scrapy/middleware.py[line:53] - INFO: Enabled extensions:
['scrapy.extensions.corestats.CoreStats',
 'scrapy.extensions.telnet.TelnetConsole',
 'scrapy.extensions.logstats.LogStats']
2019-05-08 19:13:47,909 - /home/yinshuai/anaconda3/lib/python3.6/site-packages/scrapy/middleware.py[line:53] - INFO: Enabled downloader middlewares:
['scrapy.downloadermiddlewares.useragent.UserAgentMiddleware',
 'scrapy.downloadermiddlewares.retry.RetryMiddleware',
 'scrapy.downloadermiddlewares.httpauth.HttpAuthMiddleware',
 'scrapy.downloadermiddlewares.downloadtimeout.DownloadTimeoutMiddleware',
 'scrapy.downloadermiddlewares.defaultheaders.DefaultHeadersMiddleware',
 'scrapy.downloadermiddlewares.redirect.MetaRefreshMiddleware',
 'scrapy.downloadermiddlewares.httpcompression.HttpCompressionMiddleware',
 'scrapy.downloadermiddlewares.redirect.RedirectMiddleware',
 'scrapy.downloadermiddlewares.cookies.CookiesMiddleware',
 'scrapy.downloadermiddlewares.stats.DownloaderStats']
2019-05-08 19:13:47,910 - /home/yinshuai/anaconda3/lib/python3.6/site-packages/scrapy/middleware.py[line:53] - INFO: Enabled spider middlewares:
['scrapy.spidermiddlewares.httperror.HttpErrorMiddleware',
 'scrapy.spidermiddlewares.offsite.OffsiteMiddleware',
 'scrapy.spidermiddlewares.referer.RefererMiddleware',
 'scrapy.spidermiddlewares.urllength.UrlLengthMiddleware',
 'scrapy.spidermiddlewares.depth.DepthMiddleware']
2019-05-08 19:13:47,922 - /home/yinshuai/anaconda3/lib/python3.6/site-packages/twisted/logger/_legacy.py[line:154] - CRITICAL: Unhandled error in Deferred:
2019-05-08 19:13:47,923 - /home/yinshuai/anaconda3/lib/python3.6/site-packages/twisted/logger/_legacy.py[line:154] - CRITICAL: 
Traceback (most recent call last):
  File "/home/yinshuai/anaconda3/lib/python3.6/site-packages/twisted/internet/defer.py", line 1418, in _inlineCallbacks
    result = g.send(result)
  File "/home/yinshuai/anaconda3/lib/python3.6/site-packages/scrapy/crawler.py", line 72, in crawl
    self.engine = self._create_engine()
  File "/home/yinshuai/anaconda3/lib/python3.6/site-packages/scrapy/crawler.py", line 97, in _create_engine
    return ExecutionEngine(self, lambda _: self.stop())
  File "/home/yinshuai/anaconda3/lib/python3.6/site-packages/scrapy/core/engine.py", line 70, in __init__
    self.scraper = Scraper(crawler)
  File "/home/yinshuai/anaconda3/lib/python3.6/site-packages/scrapy/core/scraper.py", line 71, in __init__
    self.itemproc = itemproc_cls.from_crawler(crawler)
  File "/home/yinshuai/anaconda3/lib/python3.6/site-packages/scrapy/middleware.py", line 58, in from_crawler
    return cls.from_settings(crawler.settings, crawler)
  File "/home/yinshuai/anaconda3/lib/python3.6/site-packages/scrapy/middleware.py", line 34, in from_settings
    mwcls = load_object(clspath)
  File "/home/yinshuai/anaconda3/lib/python3.6/site-packages/scrapy/utils/misc.py", line 44, in load_object
    mod = import_module(module)
  File "/home/yinshuai/anaconda3/lib/python3.6/importlib/__init__.py", line 126, in import_module
    return _bootstrap._gcd_import(name[level:], package, level)
  File "<frozen importlib._bootstrap>", line 994, in _gcd_import
  File "<frozen importlib._bootstrap>", line 971, in _find_and_load
  File "<frozen importlib._bootstrap>", line 955, in _find_and_load_unlocked
  File "<frozen importlib._bootstrap>", line 665, in _load_unlocked
  File "<frozen importlib._bootstrap_external>", line 678, in exec_module
  File "<frozen importlib._bootstrap>", line 219, in _call_with_frames_removed
  File "/home/yinshuai/桌面/nlp/xueqiu_crawl/xueqiu_crawl/xueqiu_crawl/pipelines.py", line 8, in <module>
    import db
ModuleNotFoundError: No module named 'db'
